<?xml version="1.0" encoding="UTF-8"?>
<!-- Generated by org.testng.reporters.JUnitReportReporter -->
<testsuite skipped="0" hostname="DESKTOP-HGMDJ3C" name="script.Test1" tests="1" failures="0" timestamp="12 Mar 2022 08:35:58 GMT" time="15.702" errors="0">
  <testcase name="testA" time="15.702" classname="script.Test1"/>
</testsuite> <!-- script.Test1 -->
