<?xml version="1.0" encoding="UTF-8"?>
<!-- Generated by org.testng.reporters.JUnitReportReporter -->
<testsuite skipped="0" hostname="DESKTOP-HGMDJ3C" name="Demo34" tests="1" failures="0" timestamp="09 Mar 2022 16:29:21 GMT" time="17.749" errors="0">
  <testcase name="testA" time="17.749" classname="Demo34"/>
</testsuite> <!-- Demo34 -->
