<?xml version="1.0" encoding="UTF-8"?>
<!-- Generated by org.testng.reporters.JUnitReportReporter -->
<testsuite skipped="0" hostname="DESKTOP-HGMDJ3C" name="script.Test1" tests="1" failures="0" timestamp="13 Mar 2022 11:00:29 GMT" time="15.811" errors="0">
  <testcase name="testA" time="15.811" classname="script.Test1"/>
</testsuite> <!-- script.Test1 -->
